<?xml version="1.0" encoding="UTF-8"?>
<!-- Generated by org.testng.reporters.JUnitReportReporter -->
<testsuite hostname="set-fathir.local" failures="0" tests="3" name="CheckoutTests" time="45.191" errors="0" timestamp="2024-03-31T06:50:53 WIB" skipped="0">
  <testcase classname="CheckoutTests" name="successfulCheckoutTest" time="23.085"/>
  <system-out/>
  <testcase classname="CheckoutTests" name="checkoutWithExpiredDateTest" time="11.238"/>
  <system-out/>
  <testcase classname="CheckoutTests" name="checkoutWithInvalidCardTest" time="10.868"/>
  <system-out/>
</testsuite> <!-- CheckoutTests -->
