<?xml version="1.0" encoding="UTF-8"?>
<!-- Generated by org.testng.reporters.JUnitReportReporter -->
<testsuite hostname="set-fathir.local" failures="0" tests="3" name="CheckoutTests" time="56.578" errors="0" timestamp="2024-03-31T06:31:53 WIB" skipped="0">
  <testcase classname="CheckoutTests" name="successfulCheckoutTest" time="31.735"/>
  <system-out/>
  <testcase classname="CheckoutTests" name="checkoutWithExpiredDateTest" time="12.275"/>
  <system-out/>
  <testcase classname="CheckoutTests" name="checkoutWithInvalidCardTest" time="12.568"/>
  <system-out/>
</testsuite> <!-- CheckoutTests -->
