<?xml version="1.0" encoding="UTF-8"?>
<!-- Generated by org.testng.reporters.JUnitReportReporter -->
<testsuite hostname="set-fathir.local" failures="0" tests="1" name="com.midtrans.demo.AppTest" time="0.006" errors="0" timestamp="2024-03-31T06:31:53 WIB" skipped="0">
  <testcase classname="com.midtrans.demo.AppTest" name="shouldAnswerWithTrue" time="0.006"/>
  <system-out/>
</testsuite> <!-- com.midtrans.demo.AppTest -->
