<?xml version="1.0" encoding="UTF-8"?>
<!-- Generated by org.testng.reporters.JUnitReportReporter -->
<testsuite hostname="set-fathir.local" failures="0" tests="1" name="com.midtrans.demo.AppTest" time="0.010" errors="0" timestamp="2024-03-30T06:21:41 WIB" skipped="0">
  <testcase classname="com.midtrans.demo.AppTest" name="shouldAnswerWithTrue" time="0.010"/>
  <system-out/>
</testsuite> <!-- com.midtrans.demo.AppTest -->
